        -:    0:Source:/home/felix/CLionProjects/park/ind_hw/test/main.cpp
        -:    0:Graph:/home/felix/CLionProjects/park/ind_hw/cmake-build-debug/test/CMakeFiles/testing_tests.dir/main.cpp.gcno
        -:    0:Data:/home/felix/CLionProjects/park/ind_hw/cmake-build-debug/test/CMakeFiles/testing_tests.dir/main.cpp.gcda
        -:    0:Runs:1
        -:    0:Programs:1
        -:    1:#include "gtest/gtest.h"
        -:    2:
        -:    3:
        1:    4:int main(int argc, char **argv) {
        1:    4-block  0
        1:    5:    ::testing::InitGoogleTest(&argc, argv);
        1:    5-block  0
        1:    6:    return RUN_ALL_TESTS();
        4:    7:}
        1:    7-block  0
        1:    7-block  1
        1:    7-block  2
        1:    7-block  3
        1:    7-block  4
